This file contains any messages produced by compilers while
running configure, to aid debugging if configure makes a mistake.

It was created by mcrypt configure 2.6.8, which was
generated by GNU Autoconf 2.61.  Invocation command line was

  $ ./configure 

## --------- ##
## Platform. ##
## --------- ##

hostname = shivani
uname -m = x86_64
uname -r = 3.19.0-33-generic
uname -s = Linux
uname -v = #38~14.04.1-Ubuntu SMP Fri Nov 6 18:17:28 UTC 2015

/usr/bin/uname -p = unknown
/bin/uname -X     = unknown

/bin/arch              = unknown
/usr/bin/arch -k       = unknown
/usr/convex/getsysinfo = unknown
/usr/bin/hostinfo      = unknown
/bin/machine           = unknown
/usr/bin/oslevel       = unknown
/bin/universe          = unknown

PATH: /usr/local/sbin
PATH: /usr/local/bin
PATH: /usr/sbin
PATH: /usr/bin
PATH: /sbin
PATH: /bin
PATH: /usr/games
PATH: /usr/local/games


## ----------- ##
## Core tests. ##
## ----------- ##

configure:1991: checking build system type
configure:2009: result: x86_64-unknown-linux-gnu
configure:2031: checking host system type
configure:2046: result: x86_64-unknown-linux-gnu
configure:2068: checking target system type
configure:2083: result: x86_64-unknown-linux-gnu
configure:2127: checking for a BSD-compatible install
configure:2183: result: /usr/bin/install -c
configure:2194: checking whether build environment is sane
configure:2237: result: yes
configure:2265: checking for a thread-safe mkdir -p
configure:2304: result: /bin/mkdir -p
configure:2317: checking for gawk
configure:2347: result: no
configure:2317: checking for mawk
configure:2333: found /usr/bin/mawk
configure:2344: result: mawk
configure:2355: checking whether make sets $(MAKE)
configure:2376: result: yes
configure:2620: checking for style of include used by make
configure:2648: result: GNU
configure:2718: checking for gcc
configure:2734: found /usr/bin/gcc
configure:2745: result: gcc
configure:2983: checking for C compiler version
configure:2990: gcc --version >&5
gcc (Ubuntu 4.8.4-2ubuntu1~14.04) 4.8.4
Copyright (C) 2013 Free Software Foundation, Inc.
This is free software; see the source for copying conditions.  There is NO
warranty; not even for MERCHANTABILITY or FITNESS FOR A PARTICULAR PURPOSE.

configure:2993: $? = 0
configure:3000: gcc -v >&5
Using built-in specs.
COLLECT_GCC=gcc
COLLECT_LTO_WRAPPER=/usr/lib/gcc/x86_64-linux-gnu/4.8/lto-wrapper
Target: x86_64-linux-gnu
Configured with: ../src/configure -v --with-pkgversion='Ubuntu 4.8.4-2ubuntu1~14.04' --with-bugurl=file:///usr/share/doc/gcc-4.8/README.Bugs --enable-languages=c,c++,java,go,d,fortran,objc,obj-c++ --prefix=/usr --program-suffix=-4.8 --enable-shared --enable-linker-build-id --libexecdir=/usr/lib --without-included-gettext --enable-threads=posix --with-gxx-include-dir=/usr/include/c++/4.8 --libdir=/usr/lib --enable-nls --with-sysroot=/ --enable-clocale=gnu --enable-libstdcxx-debug --enable-libstdcxx-time=yes --enable-gnu-unique-object --disable-libmudflap --enable-plugin --with-system-zlib --disable-browser-plugin --enable-java-awt=gtk --enable-gtk-cairo --with-java-home=/usr/lib/jvm/java-1.5.0-gcj-4.8-amd64/jre --enable-java-home --with-jvm-root-dir=/usr/lib/jvm/java-1.5.0-gcj-4.8-amd64 --with-jvm-jar-dir=/usr/lib/jvm-exports/java-1.5.0-gcj-4.8-amd64 --with-arch-directory=amd64 --with-ecj-jar=/usr/share/java/eclipse-ecj.jar --enable-objc-gc --enable-multiarch --disable-werror --with-arch-32=i686 --with-abi=m64 --with-multilib-list=m32,m64,mx32 --with-tune=generic --enable-checking=release --build=x86_64-linux-gnu --host=x86_64-linux-gnu --target=x86_64-linux-gnu
Thread model: posix
gcc version 4.8.4 (Ubuntu 4.8.4-2ubuntu1~14.04) 
configure:3003: $? = 0
configure:3010: gcc -V >&5
gcc: error: unrecognized command line option '-V'
gcc: fatal error: no input files
compilation terminated.
configure:3013: $? = 4
configure:3036: checking for C compiler default output file name
configure:3063: gcc    conftest.c  >&5
configure:3066: $? = 0
configure:3104: result: a.out
configure:3121: checking whether the C compiler works
configure:3131: ./a.out
configure:3134: $? = 0
configure:3151: result: yes
configure:3158: checking whether we are cross compiling
configure:3160: result: no
configure:3163: checking for suffix of executables
configure:3170: gcc -o conftest    conftest.c  >&5
configure:3173: $? = 0
configure:3197: result: 
configure:3203: checking for suffix of object files
configure:3229: gcc -c   conftest.c >&5
configure:3232: $? = 0
configure:3255: result: o
configure:3259: checking whether we are using the GNU C compiler
configure:3288: gcc -c   conftest.c >&5
configure:3294: $? = 0
configure:3311: result: yes
configure:3316: checking whether gcc accepts -g
configure:3346: gcc -c -g  conftest.c >&5
configure:3352: $? = 0
configure:3451: result: yes
configure:3468: checking for gcc option to accept ISO C89
configure:3542: gcc  -c -g -O2  conftest.c >&5
configure:3548: $? = 0
configure:3571: result: none needed
configure:3591: checking dependency style of gcc
configure:3682: result: gcc3
configure:3697: checking for a sed that does not truncate output
configure:3776: result: /bin/sed
configure:3794: checking for grep that handles long lines and -e
configure:3868: result: /bin/grep
configure:3873: checking for egrep
configure:3951: result: /bin/grep -E
configure:3956: checking for fgrep
configure:4034: result: /bin/grep -F
configure:4069: checking for ld used by gcc
configure:4136: result: /usr/bin/ld
configure:4145: checking if the linker (/usr/bin/ld) is GNU ld
configure:4160: result: yes
configure:4172: checking for BSD- or MS-compatible name lister (nm)
configure:4221: result: /usr/bin/nm -B
configure:4343: checking the name lister (/usr/bin/nm -B) interface
configure:4350: gcc -c -g -O2  conftest.c >&5
configure:4353: /usr/bin/nm -B "conftest.o"
configure:4356: output
0000000000000000 B some_variable
configure:4363: result: BSD nm
configure:4366: checking whether ln -s works
configure:4370: result: yes
configure:4378: checking the maximum length of command line arguments
configure:4498: result: 1572864
configure:4515: checking whether the shell understands some XSI constructs
configure:4525: result: yes
configure:4529: checking whether the shell understands "+="
configure:4535: result: yes
configure:4570: checking for /usr/bin/ld option to reload object files
configure:4577: result: -r
configure:4604: checking how to recognize dependent libraries
configure:4794: result: pass_all
configure:4854: checking for ar
configure:4870: found /usr/bin/ar
configure:4881: result: ar
configure:4963: checking for strip
configure:4979: found /usr/bin/strip
configure:4990: result: strip
configure:5066: checking for ranlib
configure:5082: found /usr/bin/ranlib
configure:5093: result: ranlib
configure:5187: checking command to parse /usr/bin/nm -B output from gcc object
configure:5305: gcc -c -g -O2  conftest.c >&5
configure:5308: $? = 0
configure:5312: /usr/bin/nm -B conftest.o \| sed -n -e 's/^.*[	 ]\([ABCDGIRSTW][ABCDGIRSTW]*\)[	 ][	 ]*\([_A-Za-z][_A-Za-z0-9]*\)$/\1 \2 \2/p' \> conftest.nm
configure:5315: $? = 0
configure:5369: gcc -o conftest -g -O2   conftest.c conftstm.o >&5
configure:5372: $? = 0
configure:5410: result: ok
configure:5506: gcc -c -g -O2  conftest.c >&5
configure:5509: $? = 0
configure:6289: checking how to run the C preprocessor
configure:6329: gcc -E  conftest.c
configure:6335: $? = 0
configure:6366: gcc -E  conftest.c
conftest.c:13:28: fatal error: ac_nonexistent.h: No such file or directory
 #include <ac_nonexistent.h>
                            ^
compilation terminated.
configure:6372: $? = 1
configure: failed program was:
| /* confdefs.h.  */
| #define PACKAGE_NAME "mcrypt"
| #define PACKAGE_TARNAME "mcrypt"
| #define PACKAGE_VERSION "2.6.8"
| #define PACKAGE_STRING "mcrypt 2.6.8"
| #define PACKAGE_BUGREPORT ""
| #define PACKAGE "mcrypt"
| #define VERSION "2.6.8"
| #define T_CPU "x86_64"
| #define T_VENDOR "unknown"
| #define T_OS "linux-gnu"
| /* end confdefs.h.  */
| #include <ac_nonexistent.h>
configure:6405: result: gcc -E
configure:6434: gcc -E  conftest.c
configure:6440: $? = 0
configure:6471: gcc -E  conftest.c
conftest.c:13:28: fatal error: ac_nonexistent.h: No such file or directory
 #include <ac_nonexistent.h>
                            ^
compilation terminated.
configure:6477: $? = 1
configure: failed program was:
| /* confdefs.h.  */
| #define PACKAGE_NAME "mcrypt"
| #define PACKAGE_TARNAME "mcrypt"
| #define PACKAGE_VERSION "2.6.8"
| #define PACKAGE_STRING "mcrypt 2.6.8"
| #define PACKAGE_BUGREPORT ""
| #define PACKAGE "mcrypt"
| #define VERSION "2.6.8"
| #define T_CPU "x86_64"
| #define T_VENDOR "unknown"
| #define T_OS "linux-gnu"
| /* end confdefs.h.  */
| #include <ac_nonexistent.h>
configure:6515: checking for ANSI C header files
configure:6545: gcc -c -g -O2  conftest.c >&5
configure:6551: $? = 0
configure:6650: gcc -o conftest -g -O2   conftest.c  >&5
configure:6653: $? = 0
configure:6659: ./conftest
configure:6662: $? = 0
configure:6679: result: yes
configure:6703: checking for sys/types.h
configure:6724: gcc -c -g -O2  conftest.c >&5
configure:6730: $? = 0
configure:6746: result: yes
configure:6703: checking for sys/stat.h
configure:6724: gcc -c -g -O2  conftest.c >&5
configure:6730: $? = 0
configure:6746: result: yes
configure:6703: checking for stdlib.h
configure:6724: gcc -c -g -O2  conftest.c >&5
configure:6730: $? = 0
configure:6746: result: yes
configure:6703: checking for string.h
configure:6724: gcc -c -g -O2  conftest.c >&5
configure:6730: $? = 0
configure:6746: result: yes
configure:6703: checking for memory.h
configure:6724: gcc -c -g -O2  conftest.c >&5
configure:6730: $? = 0
configure:6746: result: yes
configure:6703: checking for strings.h
configure:6724: gcc -c -g -O2  conftest.c >&5
configure:6730: $? = 0
configure:6746: result: yes
configure:6703: checking for inttypes.h
configure:6724: gcc -c -g -O2  conftest.c >&5
configure:6730: $? = 0
configure:6746: result: yes
configure:6703: checking for stdint.h
configure:6724: gcc -c -g -O2  conftest.c >&5
configure:6730: $? = 0
configure:6746: result: yes
configure:6703: checking for unistd.h
configure:6724: gcc -c -g -O2  conftest.c >&5
configure:6730: $? = 0
configure:6746: result: yes
configure:6762: checking for dlfcn.h
configure:6783: gcc -c -g -O2  conftest.c >&5
configure:6789: $? = 0
configure:6805: result: yes
configure:6989: checking for objdir
configure:7004: result: .libs
configure:7300: checking if gcc supports -fno-rtti -fno-exceptions
configure:7318: gcc -c -g -O2  -fno-rtti -fno-exceptions conftest.c >&5
cc1: warning: command line option '-fno-rtti' is valid for C++/ObjC++ but not for C [enabled by default]
configure:7322: $? = 0
configure:7335: result: no
configure:7355: checking for gcc option to produce PIC
configure:7612: result: -fPIC -DPIC
configure:7624: checking if gcc PIC flag -fPIC -DPIC works
configure:7642: gcc -c -g -O2  -fPIC -DPIC -DPIC conftest.c >&5
configure:7646: $? = 0
configure:7659: result: yes
configure:7683: checking if gcc static flag -static works
configure:7711: result: yes
configure:7726: checking if gcc supports -c -o file.o
configure:7747: gcc -c -g -O2  -o out/conftest2.o conftest.c >&5
configure:7751: $? = 0
configure:7773: result: yes
configure:7781: checking if gcc supports -c -o file.o
configure:7828: result: yes
configure:7861: checking whether the gcc linker (/usr/bin/ld -m elf_x86_64) supports shared libraries
configure:8916: result: yes
configure:8953: checking whether -lc should be explicitly linked in
configure:8958: gcc -c -g -O2  conftest.c >&5
configure:8961: $? = 0
configure:8976: gcc -shared conftest.o  -v -Wl,-soname -Wl,conftest -o conftest 2\>\&1 \| /bin/grep  -lc  \>/dev/null 2\>\&1
configure:8979: $? = 0
configure:8991: result: no
configure:9155: checking dynamic linker characteristics
configure:9598: gcc -o conftest -g -O2   -Wl,-rpath -Wl,/foo conftest.c  >&5
configure:9604: $? = 0
configure:9846: result: GNU/Linux ld.so
configure:9948: checking how to hardcode library paths into programs
configure:9973: result: immediate
configure:10786: checking whether stripping libraries is possible
configure:10791: result: yes
configure:10826: checking if libtool supports shared libraries
configure:10828: result: yes
configure:10831: checking whether to build shared libraries
configure:10852: result: yes
configure:10855: checking whether to build static libraries
configure:10859: result: yes
configure:10942: checking for gcc
configure:10969: result: gcc
configure:11207: checking for C compiler version
configure:11214: gcc --version >&5
gcc (Ubuntu 4.8.4-2ubuntu1~14.04) 4.8.4
Copyright (C) 2013 Free Software Foundation, Inc.
This is free software; see the source for copying conditions.  There is NO
warranty; not even for MERCHANTABILITY or FITNESS FOR A PARTICULAR PURPOSE.

configure:11217: $? = 0
configure:11224: gcc -v >&5
Using built-in specs.
COLLECT_GCC=gcc
COLLECT_LTO_WRAPPER=/usr/lib/gcc/x86_64-linux-gnu/4.8/lto-wrapper
Target: x86_64-linux-gnu
Configured with: ../src/configure -v --with-pkgversion='Ubuntu 4.8.4-2ubuntu1~14.04' --with-bugurl=file:///usr/share/doc/gcc-4.8/README.Bugs --enable-languages=c,c++,java,go,d,fortran,objc,obj-c++ --prefix=/usr --program-suffix=-4.8 --enable-shared --enable-linker-build-id --libexecdir=/usr/lib --without-included-gettext --enable-threads=posix --with-gxx-include-dir=/usr/include/c++/4.8 --libdir=/usr/lib --enable-nls --with-sysroot=/ --enable-clocale=gnu --enable-libstdcxx-debug --enable-libstdcxx-time=yes --enable-gnu-unique-object --disable-libmudflap --enable-plugin --with-system-zlib --disable-browser-plugin --enable-java-awt=gtk --enable-gtk-cairo --with-java-home=/usr/lib/jvm/java-1.5.0-gcj-4.8-amd64/jre --enable-java-home --with-jvm-root-dir=/usr/lib/jvm/java-1.5.0-gcj-4.8-amd64 --with-jvm-jar-dir=/usr/lib/jvm-exports/java-1.5.0-gcj-4.8-amd64 --with-arch-directory=amd64 --with-ecj-jar=/usr/share/java/eclipse-ecj.jar --enable-objc-gc --enable-multiarch --disable-werror --with-arch-32=i686 --with-abi=m64 --with-multilib-list=m32,m64,mx32 --with-tune=generic --enable-checking=release --build=x86_64-linux-gnu --host=x86_64-linux-gnu --target=x86_64-linux-gnu
Thread model: posix
gcc version 4.8.4 (Ubuntu 4.8.4-2ubuntu1~14.04) 
configure:11227: $? = 0
configure:11234: gcc -V >&5
gcc: error: unrecognized command line option '-V'
gcc: fatal error: no input files
compilation terminated.
configure:11237: $? = 4
configure:11240: checking whether we are using the GNU C compiler
configure:11292: result: yes
configure:11297: checking whether gcc accepts -g
configure:11432: result: yes
configure:11449: checking for gcc option to accept ISO C89
configure:11552: result: none needed
configure:11572: checking dependency style of gcc
configure:11663: result: gcc3
configure:11698: checking for libmcrypt-config
configure:11716: found /usr/local/bin/libmcrypt-config
configure:11729: result: /usr/local/bin/libmcrypt-config
configure:11738: checking for libmcrypt - version >= 2.5.0
configure:11949: gcc -o conftest -g -O2 -I/usr/local/include   conftest.c  -L/usr/local/lib -lmcrypt >&5
conftest.c: In function 'main':
conftest.c:62:12: warning: ignoring return value of 'system', declared with attribute warn_unused_result [-Wunused-result]
     system ("touch conf.libmcrypttest");
            ^
configure:11952: $? = 0
configure:11958: ./conftest
configure:11961: $? = 0
configure:11981: result: yes
configure:12093: checking for mhash_keygen in -lmhash
configure:12128: gcc -o conftest -g -O2   conftest.c -lmhash   >&5
configure:12134: $? = 0
configure:12152: result: yes
configure:12163: checking whether mhash >= 0.8.15
configure:12194: gcc -o conftest -g -O2   conftest.c  -lmhash >&5
configure:12197: $? = 0
configure:12203: ./conftest
configure:12206: $? = 0
configure:12208: result: yes
configure:12233: checking whether NLS is requested
configure:12242: result: yes
configure:12280: checking for msgfmt
configure: trying /usr/bin/msgfmt...
0 translated messages.
configure:12312: result: /usr/bin/msgfmt
configure:12321: checking for gmsgfmt
configure:12352: result: /usr/bin/msgfmt
configure:12403: checking for xgettext
configure: trying /usr/bin/xgettext...
/usr/bin/xgettext: warning: file '/dev/null' extension '' is unknown; will try C
configure:12435: result: /usr/bin/xgettext
configure:12481: checking for msgmerge
configure: trying /usr/bin/msgmerge...
configure:12512: result: /usr/bin/msgmerge
configure:12566: checking for ld used by GCC
configure:12630: result: /usr/bin/ld -m elf_x86_64
configure:12639: checking if the linker (/usr/bin/ld -m elf_x86_64) is GNU ld
configure:12652: result: yes
configure:12659: checking for shared library run path origin
configure:12672: result: done
configure:13129: checking for CFPreferencesCopyAppValue
configure:13157: gcc -o conftest -g -O2   conftest.c  -lmhash -Wl,-framework -Wl,CoreFoundation >&5
conftest.c:26:42: fatal error: CoreFoundation/CFPreferences.h: No such file or directory
 #include <CoreFoundation/CFPreferences.h>
                                          ^
compilation terminated.
configure:13163: $? = 1
configure: failed program was:
| /* confdefs.h.  */
| #define PACKAGE_NAME "mcrypt"
| #define PACKAGE_TARNAME "mcrypt"
| #define PACKAGE_VERSION "2.6.8"
| #define PACKAGE_STRING "mcrypt 2.6.8"
| #define PACKAGE_BUGREPORT ""
| #define PACKAGE "mcrypt"
| #define VERSION "2.6.8"
| #define T_CPU "x86_64"
| #define T_VENDOR "unknown"
| #define T_OS "linux-gnu"
| #define STDC_HEADERS 1
| #define HAVE_SYS_TYPES_H 1
| #define HAVE_SYS_STAT_H 1
| #define HAVE_STDLIB_H 1
| #define HAVE_STRING_H 1
| #define HAVE_MEMORY_H 1
| #define HAVE_STRINGS_H 1
| #define HAVE_INTTYPES_H 1
| #define HAVE_STDINT_H 1
| #define HAVE_UNISTD_H 1
| #define HAVE_DLFCN_H 1
| #define LT_OBJDIR ".libs/"
| #define LIBMCRYPT24 1
| /* end confdefs.h.  */
| #include <CoreFoundation/CFPreferences.h>
| int
| main ()
| {
| CFPreferencesCopyAppValue(NULL, NULL)
|   ;
|   return 0;
| }
configure:13181: result: no
configure:13190: checking for CFLocaleCopyCurrent
configure:13218: gcc -o conftest -g -O2   conftest.c  -lmhash -Wl,-framework -Wl,CoreFoundation >&5
conftest.c:26:37: fatal error: CoreFoundation/CFLocale.h: No such file or directory
 #include <CoreFoundation/CFLocale.h>
                                     ^
compilation terminated.
configure:13224: $? = 1
configure: failed program was:
| /* confdefs.h.  */
| #define PACKAGE_NAME "mcrypt"
| #define PACKAGE_TARNAME "mcrypt"
| #define PACKAGE_VERSION "2.6.8"
| #define PACKAGE_STRING "mcrypt 2.6.8"
| #define PACKAGE_BUGREPORT ""
| #define PACKAGE "mcrypt"
| #define VERSION "2.6.8"
| #define T_CPU "x86_64"
| #define T_VENDOR "unknown"
| #define T_OS "linux-gnu"
| #define STDC_HEADERS 1
| #define HAVE_SYS_TYPES_H 1
| #define HAVE_SYS_STAT_H 1
| #define HAVE_STDLIB_H 1
| #define HAVE_STRING_H 1
| #define HAVE_MEMORY_H 1
| #define HAVE_STRINGS_H 1
| #define HAVE_INTTYPES_H 1
| #define HAVE_STDINT_H 1
| #define HAVE_UNISTD_H 1
| #define HAVE_DLFCN_H 1
| #define LT_OBJDIR ".libs/"
| #define LIBMCRYPT24 1
| /* end confdefs.h.  */
| #include <CoreFoundation/CFLocale.h>
| int
| main ()
| {
| CFLocaleCopyCurrent();
|   ;
|   return 0;
| }
configure:13242: result: no
configure:13293: checking for GNU gettext in libc
configure:13323: gcc -o conftest -g -O2   conftest.c  -lmhash >&5
configure:13329: $? = 0
configure:13347: result: yes
configure:14063: checking whether to use NLS
configure:14065: result: yes
configure:14068: checking where the gettext function comes from
configure:14079: result: libc
configure:14142: checking for compress in -lz
configure:14177: gcc -o conftest -g -O2   conftest.c -lz   -lmhash >&5
/usr/bin/ld: cannot find -lz
collect2: error: ld returned 1 exit status
configure:14183: $? = 1
configure: failed program was:
| /* confdefs.h.  */
| #define PACKAGE_NAME "mcrypt"
| #define PACKAGE_TARNAME "mcrypt"
| #define PACKAGE_VERSION "2.6.8"
| #define PACKAGE_STRING "mcrypt 2.6.8"
| #define PACKAGE_BUGREPORT ""
| #define PACKAGE "mcrypt"
| #define VERSION "2.6.8"
| #define T_CPU "x86_64"
| #define T_VENDOR "unknown"
| #define T_OS "linux-gnu"
| #define STDC_HEADERS 1
| #define HAVE_SYS_TYPES_H 1
| #define HAVE_SYS_STAT_H 1
| #define HAVE_STDLIB_H 1
| #define HAVE_STRING_H 1
| #define HAVE_MEMORY_H 1
| #define HAVE_STRINGS_H 1
| #define HAVE_INTTYPES_H 1
| #define HAVE_STDINT_H 1
| #define HAVE_UNISTD_H 1
| #define HAVE_DLFCN_H 1
| #define LT_OBJDIR ".libs/"
| #define LIBMCRYPT24 1
| #define ENABLE_NLS 1
| #define HAVE_GETTEXT 1
| #define HAVE_DCGETTEXT 1
| /* end confdefs.h.  */
| 
| /* Override any GCC internal prototype to avoid an error.
|    Use char because int might match the return type of a GCC
|    builtin and then its argument prototype would still apply.  */
| #ifdef __cplusplus
| extern "C"
| #endif
| char compress ();
| int
| main ()
| {
| return compress ();
|   ;
|   return 0;
| }
configure:14201: result: no
configure:14213: WARNING: ***
*** ZLIB was not found. You will not be able to use ZLIB compression
*** in OpenPGP packets.
configure:14224: checking for an ANSI C-conforming const
configure:14299: gcc -c -g -O2 -I/usr/local/include -Wall  conftest.c >&5
conftest.c: In function 'main':
conftest.c:58:7: warning: 't' is used uninitialized in this function [-Wuninitialized]
     *t++ = 0;
       ^
conftest.c:80:13: warning: 'cs[0]' is used uninitialized in this function [-Wuninitialized]
   return !cs[0] && !zero.x;
             ^
configure:14305: $? = 0
configure:14320: result: yes
configure:14344: checking for a BSD-compatible install
configure:14400: result: /usr/bin/install -c
configure:14411: checking whether ln -s works
configure:14415: result: yes
configure:14424: checking for rm
configure:14442: found /bin/rm
configure:14454: result: /bin/rm
configure:14471: checking for gzip
configure:14489: found /bin/gzip
configure:14501: result: /bin/gzip
configure:14516: checking for bzip2
configure:14534: found /bin/bzip2
configure:14546: result: /bin/bzip2
configure:14563: checking whether use of /dev/random is requested
configure:14572: result: yes
configure:14577: checking whether static link is requested
configure:14584: result: no
configure:14588: checking whether in maintanance mode
configure:14595: result: no
configure:14599: checking whether included getpass is requested
configure:14608: result: yes
configure:14660: checking for random device
configure:14668: result: yes
configure:14704: checking whether byte ordering is bigendian
configure:14737: gcc -c -g -O2 -I/usr/local/include -Wall  conftest.c >&5
configure:14743: $? = 0
configure:14775: gcc -c -g -O2 -I/usr/local/include -Wall  conftest.c >&5
conftest.c: In function 'main':
conftest.c:41:2: error: unknown type name 'not'
  not big endian
  ^
conftest.c:41:10: error: expected '=', ',', ';', 'asm' or '__attribute__' before 'endian'
  not big endian
          ^
configure:14781: $? = 1
configure: failed program was:
| /* confdefs.h.  */
| #define PACKAGE_NAME "mcrypt"
| #define PACKAGE_TARNAME "mcrypt"
| #define PACKAGE_VERSION "2.6.8"
| #define PACKAGE_STRING "mcrypt 2.6.8"
| #define PACKAGE_BUGREPORT ""
| #define PACKAGE "mcrypt"
| #define VERSION "2.6.8"
| #define T_CPU "x86_64"
| #define T_VENDOR "unknown"
| #define T_OS "linux-gnu"
| #define STDC_HEADERS 1
| #define HAVE_SYS_TYPES_H 1
| #define HAVE_SYS_STAT_H 1
| #define HAVE_STDLIB_H 1
| #define HAVE_STRING_H 1
| #define HAVE_MEMORY_H 1
| #define HAVE_STRINGS_H 1
| #define HAVE_INTTYPES_H 1
| #define HAVE_STDINT_H 1
| #define HAVE_UNISTD_H 1
| #define HAVE_DLFCN_H 1
| #define LT_OBJDIR ".libs/"
| #define LIBMCRYPT24 1
| #define ENABLE_NLS 1
| #define HAVE_GETTEXT 1
| #define HAVE_DCGETTEXT 1
| #define GZIP "/bin/gzip"
| #define BZIP2 "/bin/bzip2"
| #define NAME_OF_DEV_RANDOM "/dev/random"
| #define NAME_OF_DEV_URANDOM "/dev/urandom"
| #define HAVE_DEV_RANDOM 1
| /* end confdefs.h.  */
| #include <sys/types.h>
| #include <sys/param.h>
| 
| int
| main ()
| {
| #if BYTE_ORDER != BIG_ENDIAN
|  not big endian
| #endif
| 
|   ;
|   return 0;
| }
configure:14921: result: no
configure:14940: checking return type of signal handlers
configure:14968: gcc -c -g -O2 -I/usr/local/include -Wall  conftest.c >&5
conftest.c: In function 'main':
conftest.c:40:1: error: void value not ignored as it ought to be
 return *(signal (0, 0)) (0) == 1;
 ^
configure:14974: $? = 1
configure: failed program was:
| /* confdefs.h.  */
| #define PACKAGE_NAME "mcrypt"
| #define PACKAGE_TARNAME "mcrypt"
| #define PACKAGE_VERSION "2.6.8"
| #define PACKAGE_STRING "mcrypt 2.6.8"
| #define PACKAGE_BUGREPORT ""
| #define PACKAGE "mcrypt"
| #define VERSION "2.6.8"
| #define T_CPU "x86_64"
| #define T_VENDOR "unknown"
| #define T_OS "linux-gnu"
| #define STDC_HEADERS 1
| #define HAVE_SYS_TYPES_H 1
| #define HAVE_SYS_STAT_H 1
| #define HAVE_STDLIB_H 1
| #define HAVE_STRING_H 1
| #define HAVE_MEMORY_H 1
| #define HAVE_STRINGS_H 1
| #define HAVE_INTTYPES_H 1
| #define HAVE_STDINT_H 1
| #define HAVE_UNISTD_H 1
| #define HAVE_DLFCN_H 1
| #define LT_OBJDIR ".libs/"
| #define LIBMCRYPT24 1
| #define ENABLE_NLS 1
| #define HAVE_GETTEXT 1
| #define HAVE_DCGETTEXT 1
| #define GZIP "/bin/gzip"
| #define BZIP2 "/bin/bzip2"
| #define NAME_OF_DEV_RANDOM "/dev/random"
| #define NAME_OF_DEV_URANDOM "/dev/urandom"
| #define HAVE_DEV_RANDOM 1
| /* end confdefs.h.  */
| #include <sys/types.h>
| #include <signal.h>
| 
| int
| main ()
| {
| return *(signal (0, 0)) (0) == 1;
|   ;
|   return 0;
| }
configure:14989: result: void
configure:14997: checking for unsigned long int
configure:15027: gcc -c -g -O2 -I/usr/local/include -Wall  conftest.c >&5
configure:15033: $? = 0
configure:15048: result: yes
configure:15055: checking size of unsigned long int
configure:15357: gcc -o conftest -g -O2 -I/usr/local/include -Wall   conftest.c  -lmhash -L/usr/local/lib -lmcrypt >&5
configure:15360: $? = 0
configure:15366: ./conftest
configure:15369: $? = 0
configure:15392: result: 8
configure:15402: checking for unsigned int
configure:15432: gcc -c -g -O2 -I/usr/local/include -Wall  conftest.c >&5
configure:15438: $? = 0
configure:15453: result: yes
configure:15460: checking size of unsigned int
configure:15762: gcc -o conftest -g -O2 -I/usr/local/include -Wall   conftest.c  -lmhash -L/usr/local/lib -lmcrypt >&5
configure:15765: $? = 0
configure:15771: ./conftest
configure:15774: $? = 0
configure:15797: result: 4
configure:15807: checking for unsigned short int
configure:15837: gcc -c -g -O2 -I/usr/local/include -Wall  conftest.c >&5
configure:15843: $? = 0
configure:15858: result: yes
configure:15865: checking size of unsigned short int
configure:16167: gcc -o conftest -g -O2 -I/usr/local/include -Wall   conftest.c  -lmhash -L/usr/local/lib -lmcrypt >&5
configure:16170: $? = 0
configure:16176: ./conftest
configure:16179: $? = 0
configure:16202: result: 2
configure:16212: checking for unsigned char
configure:16242: gcc -c -g -O2 -I/usr/local/include -Wall  conftest.c >&5
configure:16248: $? = 0
configure:16263: result: yes
configure:16270: checking size of unsigned char
configure:16572: gcc -o conftest -g -O2 -I/usr/local/include -Wall   conftest.c  -lmhash -L/usr/local/lib -lmcrypt >&5
configure:16575: $? = 0
configure:16581: ./conftest
configure:16584: $? = 0
configure:16607: result: 1
configure:16618: checking for off_t
configure:16648: gcc -c -g -O2 -I/usr/local/include -Wall  conftest.c >&5
configure:16654: $? = 0
configure:16669: result: yes
configure:16687: checking for special C compiler options needed for large files
configure:16780: result: no
configure:16786: checking for _FILE_OFFSET_BITS value needed for large files
configure:16821: gcc -c -g -O2 -I/usr/local/include -Wall  conftest.c >&5
configure:16827: $? = 0
configure:16895: result: no
configure:17031: checking for ANSI C header files
configure:17195: result: yes
configure:17215: checking for unistd.h
configure:17221: result: yes
configure:17225: checking pwd.h usability
configure:17242: gcc -c -g -O2 -I/usr/local/include -Wall  conftest.c >&5
configure:17248: $? = 0
configure:17262: result: yes
configure:17266: checking pwd.h presence
configure:17281: gcc -E  conftest.c
configure:17287: $? = 0
configure:17301: result: yes
configure:17329: checking for pwd.h
configure:17337: result: yes
configure:17225: checking locale.h usability
configure:17242: gcc -c -g -O2 -I/usr/local/include -Wall  conftest.c >&5
configure:17248: $? = 0
configure:17262: result: yes
configure:17266: checking locale.h presence
configure:17281: gcc -E  conftest.c
configure:17287: $? = 0
configure:17301: result: yes
configure:17329: checking for locale.h
configure:17337: result: yes
configure:17215: checking for strings.h
configure:17221: result: yes
configure:17225: checking mcrypt.h usability
configure:17242: gcc -c -g -O2 -I/usr/local/include -Wall  conftest.c >&5
configure:17248: $? = 0
configure:17262: result: yes
configure:17266: checking mcrypt.h presence
configure:17281: gcc -E  conftest.c
configure:17287: $? = 0
configure:17301: result: yes
configure:17329: checking for mcrypt.h
configure:17337: result: yes
configure:17225: checking ctype.h usability
configure:17242: gcc -c -g -O2 -I/usr/local/include -Wall  conftest.c >&5
configure:17248: $? = 0
configure:17262: result: yes
configure:17266: checking ctype.h presence
configure:17281: gcc -E  conftest.c
configure:17287: $? = 0
configure:17301: result: yes
configure:17329: checking for ctype.h
configure:17337: result: yes
configure:17358: checking for sys/stat.h
configure:17364: result: yes
configure:17358: checking for sys/types.h
configure:17364: result: yes
configure:17368: checking fcntl.h usability
configure:17385: gcc -c -g -O2 -I/usr/local/include -Wall  conftest.c >&5
configure:17391: $? = 0
configure:17405: result: yes
configure:17409: checking fcntl.h presence
configure:17424: gcc -E  conftest.c
configure:17430: $? = 0
configure:17444: result: yes
configure:17472: checking for fcntl.h
configure:17480: result: yes
configure:17368: checking sys/wait.h usability
configure:17385: gcc -c -g -O2 -I/usr/local/include -Wall  conftest.c >&5
configure:17391: $? = 0
configure:17405: result: yes
configure:17409: checking sys/wait.h presence
configure:17424: gcc -E  conftest.c
configure:17430: $? = 0
configure:17444: result: yes
configure:17472: checking for sys/wait.h
configure:17480: result: yes
configure:17509: checking utime.h usability
configure:17526: gcc -c -g -O2 -I/usr/local/include -Wall  conftest.c >&5
configure:17532: $? = 0
configure:17546: result: yes
configure:17550: checking utime.h presence
configure:17565: gcc -E  conftest.c
configure:17571: $? = 0
configure:17585: result: yes
configure:17613: checking for utime.h
configure:17621: result: yes
configure:17509: checking signal.h usability
configure:17526: gcc -c -g -O2 -I/usr/local/include -Wall  conftest.c >&5
configure:17532: $? = 0
configure:17546: result: yes
configure:17550: checking signal.h presence
configure:17565: gcc -E  conftest.c
configure:17571: $? = 0
configure:17585: result: yes
configure:17613: checking for signal.h
configure:17621: result: yes
configure:17651: checking termios.h usability
configure:17668: gcc -c -g -O2 -I/usr/local/include -Wall  conftest.c >&5
configure:17674: $? = 0
configure:17688: result: yes
configure:17692: checking termios.h presence
configure:17707: gcc -E  conftest.c
configure:17713: $? = 0
configure:17727: result: yes
configure:17755: checking for termios.h
configure:17763: result: yes
configure:17651: checking termio.h usability
configure:17668: gcc -c -g -O2 -I/usr/local/include -Wall  conftest.c >&5
configure:17674: $? = 0
configure:17688: result: yes
configure:17692: checking termio.h presence
configure:17707: gcc -E  conftest.c
configure:17713: $? = 0
configure:17727: result: yes
configure:17755: checking for termio.h
configure:17763: result: yes
configure:17651: checking sgtty.h usability
configure:17668: gcc -c -g -O2 -I/usr/local/include -Wall  conftest.c >&5
configure:17674: $? = 0
configure:17688: result: yes
configure:17692: checking sgtty.h presence
configure:17707: gcc -E  conftest.c
configure:17713: $? = 0
configure:17727: result: yes
configure:17755: checking for sgtty.h
configure:17763: result: yes
configure:17786: checking for bzero
configure:17842: gcc -o conftest -g -O2 -I/usr/local/include -Wall   conftest.c  -lmhash -L/usr/local/lib -lmcrypt >&5
conftest.c:79:6: warning: conflicting types for built-in function 'bzero' [enabled by default]
 char bzero ();
      ^
configure:17848: $? = 0
configure:17866: result: yes
configure:17786: checking for signal
configure:17842: gcc -o conftest -g -O2 -I/usr/local/include -Wall   conftest.c  -lmhash -L/usr/local/lib -lmcrypt >&5
configure:17848: $? = 0
configure:17866: result: yes
configure:17786: checking for sigaction
configure:17842: gcc -o conftest -g -O2 -I/usr/local/include -Wall   conftest.c  -lmhash -L/usr/local/lib -lmcrypt >&5
configure:17848: $? = 0
configure:17866: result: yes
configure:17786: checking for memset
configure:17842: gcc -o conftest -g -O2 -I/usr/local/include -Wall   conftest.c  -lmhash -L/usr/local/lib -lmcrypt >&5
conftest.c:82:6: warning: conflicting types for built-in function 'memset' [enabled by default]
 char memset ();
      ^
configure:17848: $? = 0
configure:17866: result: yes
configure:17786: checking for fsync
configure:17842: gcc -o conftest -g -O2 -I/usr/local/include -Wall   conftest.c  -lmhash -L/usr/local/lib -lmcrypt >&5
configure:17848: $? = 0
configure:17866: result: yes
configure:17786: checking for siglongjmp
configure:17842: gcc -o conftest -g -O2 -I/usr/local/include -Wall   conftest.c  -lmhash -L/usr/local/lib -lmcrypt >&5
configure:17848: $? = 0
configure:17866: result: yes
configure:17786: checking for strlcpy
configure:17842: gcc -o conftest -g -O2 -I/usr/local/include -Wall   conftest.c  -lmhash -L/usr/local/lib -lmcrypt >&5
/tmp/cccMduBB.o: In function `main':
/home/shivani/git/Probinux/mcrypt-2.6.8/conftest.c:96: undefined reference to `strlcpy'
collect2: error: ld returned 1 exit status
configure:17848: $? = 1
configure: failed program was:
| /* confdefs.h.  */
| #define PACKAGE_NAME "mcrypt"
| #define PACKAGE_TARNAME "mcrypt"
| #define PACKAGE_VERSION "2.6.8"
| #define PACKAGE_STRING "mcrypt 2.6.8"
| #define PACKAGE_BUGREPORT ""
| #define PACKAGE "mcrypt"
| #define VERSION "2.6.8"
| #define T_CPU "x86_64"
| #define T_VENDOR "unknown"
| #define T_OS "linux-gnu"
| #define STDC_HEADERS 1
| #define HAVE_SYS_TYPES_H 1
| #define HAVE_SYS_STAT_H 1
| #define HAVE_STDLIB_H 1
| #define HAVE_STRING_H 1
| #define HAVE_MEMORY_H 1
| #define HAVE_STRINGS_H 1
| #define HAVE_INTTYPES_H 1
| #define HAVE_STDINT_H 1
| #define HAVE_UNISTD_H 1
| #define HAVE_DLFCN_H 1
| #define LT_OBJDIR ".libs/"
| #define LIBMCRYPT24 1
| #define ENABLE_NLS 1
| #define HAVE_GETTEXT 1
| #define HAVE_DCGETTEXT 1
| #define GZIP "/bin/gzip"
| #define BZIP2 "/bin/bzip2"
| #define NAME_OF_DEV_RANDOM "/dev/random"
| #define NAME_OF_DEV_URANDOM "/dev/urandom"
| #define HAVE_DEV_RANDOM 1
| #define RETSIGTYPE void
| #define SIZEOF_UNSIGNED_LONG_INT 8
| #define SIZEOF_UNSIGNED_INT 4
| #define SIZEOF_UNSIGNED_SHORT_INT 2
| #define SIZEOF_UNSIGNED_CHAR 1
| #define HAVE_OFF_T 1
| #define STDC_HEADERS 1
| #define HAVE_UNISTD_H 1
| #define HAVE_PWD_H 1
| #define HAVE_LOCALE_H 1
| #define HAVE_STRINGS_H 1
| #define HAVE_MCRYPT_H 1
| #define HAVE_CTYPE_H 1
| #define HAVE_SYS_STAT_H 1
| #define HAVE_SYS_TYPES_H 1
| #define HAVE_FCNTL_H 1
| #define HAVE_SYS_WAIT_H 1
| #define HAVE_UTIME_H 1
| #define HAVE_SIGNAL_H 1
| #define HAVE_TERMIOS_H 1
| #define HAVE_TERMIO_H 1
| #define HAVE_SGTTY_H 1
| #define HAVE_BZERO 1
| #define HAVE_SIGNAL 1
| #define HAVE_SIGACTION 1
| #define HAVE_MEMSET 1
| #define HAVE_FSYNC 1
| #define HAVE_SIGLONGJMP 1
| /* end confdefs.h.  */
| /* Define strlcpy to an innocuous variant, in case <limits.h> declares strlcpy.
|    For example, HP-UX 11i <limits.h> declares gettimeofday.  */
| #define strlcpy innocuous_strlcpy
| 
| /* System header to define __stub macros and hopefully few prototypes,
|     which can conflict with char strlcpy (); below.
|     Prefer <limits.h> to <assert.h> if __STDC__ is defined, since
|     <limits.h> exists even on freestanding compilers.  */
| 
| #ifdef __STDC__
| # include <limits.h>
| #else
| # include <assert.h>
| #endif
| 
| #undef strlcpy
| 
| /* Override any GCC internal prototype to avoid an error.
|    Use char because int might match the return type of a GCC
|    builtin and then its argument prototype would still apply.  */
| #ifdef __cplusplus
| extern "C"
| #endif
| char strlcpy ();
| /* The GNU C library defines this for functions which it implements
|     to always fail with ENOSYS.  Some functions are actually named
|     something starting with __ and the normal name is an alias.  */
| #if defined __stub_strlcpy || defined __stub___strlcpy
| choke me
| #endif
| 
| int
| main ()
| {
| return strlcpy ();
|   ;
|   return 0;
| }
configure:17866: result: no
configure:17887: checking for umask
configure:17943: gcc -o conftest -g -O2 -I/usr/local/include -Wall   conftest.c  -lmhash -L/usr/local/lib -lmcrypt >&5
configure:17949: $? = 0
configure:17967: result: yes
configure:17887: checking for utime
configure:17943: gcc -o conftest -g -O2 -I/usr/local/include -Wall   conftest.c  -lmhash -L/usr/local/lib -lmcrypt >&5
configure:17949: $? = 0
configure:17967: result: yes
configure:17887: checking for memmove
configure:17943: gcc -o conftest -g -O2 -I/usr/local/include -Wall   conftest.c  -lmhash -L/usr/local/lib -lmcrypt >&5
conftest.c:87:6: warning: conflicting types for built-in function 'memmove' [enabled by default]
 char memmove ();
      ^
configure:17949: $? = 0
configure:17967: result: yes
configure:17887: checking for bcopy
configure:17943: gcc -o conftest -g -O2 -I/usr/local/include -Wall   conftest.c  -lmhash -L/usr/local/lib -lmcrypt >&5
conftest.c:88:6: warning: conflicting types for built-in function 'bcopy' [enabled by default]
 char bcopy ();
      ^
configure:17949: $? = 0
configure:17967: result: yes
configure:17887: checking for getpwuid
configure:17943: gcc -o conftest -g -O2 -I/usr/local/include -Wall   conftest.c  -lmhash -L/usr/local/lib -lmcrypt >&5
configure:17949: $? = 0
configure:17967: result: yes
configure:17887: checking for waitpid
configure:17943: gcc -o conftest -g -O2 -I/usr/local/include -Wall   conftest.c  -lmhash -L/usr/local/lib -lmcrypt >&5
configure:17949: $? = 0
configure:17967: result: yes
configure:17887: checking for kill
configure:17943: gcc -o conftest -g -O2 -I/usr/local/include -Wall   conftest.c  -lmhash -L/usr/local/lib -lmcrypt >&5
configure:17949: $? = 0
configure:17967: result: yes
configure:17887: checking for ftime
configure:17943: gcc -o conftest -g -O2 -I/usr/local/include -Wall   conftest.c  -lmhash -L/usr/local/lib -lmcrypt >&5
configure:17949: $? = 0
configure:17967: result: yes
configure:17983: checking for lstat
configure:18039: gcc -o conftest -g -O2 -I/usr/local/include -Wall   conftest.c  -lmhash -L/usr/local/lib -lmcrypt >&5
configure:18045: $? = 0
configure:18063: result: yes
configure:17983: checking for stat
configure:18039: gcc -o conftest -g -O2 -I/usr/local/include -Wall   conftest.c  -lmhash -L/usr/local/lib -lmcrypt >&5
configure:18045: $? = 0
configure:18063: result: yes
configure:17983: checking for fseeko
configure:18039: gcc -o conftest -g -O2 -I/usr/local/include -Wall   conftest.c  -lmhash -L/usr/local/lib -lmcrypt >&5
configure:18045: $? = 0
configure:18063: result: yes
configure:18200: creating ./config.status

## ---------------------- ##
## Running config.status. ##
## ---------------------- ##

This file was extended by mcrypt config.status 2.6.8, which was
generated by GNU Autoconf 2.61.  Invocation command line was

  CONFIG_FILES    = 
  CONFIG_HEADERS  = 
  CONFIG_LINKS    = 
  CONFIG_COMMANDS = 
  $ ./config.status 

on shivani

config.status:884: creating Makefile
config.status:884: creating doc/Makefile
config.status:884: creating src/Makefile
config.status:884: creating po/Makefile.in
config.status:884: creating config.h
config.status:1218: executing depfiles commands
config.status:1218: executing libtool commands
config.status:1218: executing po-directories commands
config.status:1218: executing default commands

## ---------------- ##
## Cache variables. ##
## ---------------- ##

ac_cv_build=x86_64-unknown-linux-gnu
ac_cv_c_bigendian=no
ac_cv_c_compiler_gnu=yes
ac_cv_c_const=yes
ac_cv_env_CC_set=
ac_cv_env_CC_value=
ac_cv_env_CFLAGS_set=
ac_cv_env_CFLAGS_value=
ac_cv_env_CPPFLAGS_set=
ac_cv_env_CPPFLAGS_value=
ac_cv_env_CPP_set=
ac_cv_env_CPP_value=
ac_cv_env_LDFLAGS_set=
ac_cv_env_LDFLAGS_value=
ac_cv_env_LIBS_set=
ac_cv_env_LIBS_value=
ac_cv_env_build_alias_set=
ac_cv_env_build_alias_value=
ac_cv_env_host_alias_set=
ac_cv_env_host_alias_value=
ac_cv_env_target_alias_set=
ac_cv_env_target_alias_value=
ac_cv_func_bcopy=yes
ac_cv_func_bzero=yes
ac_cv_func_fseeko=yes
ac_cv_func_fsync=yes
ac_cv_func_ftime=yes
ac_cv_func_getpwuid=yes
ac_cv_func_kill=yes
ac_cv_func_lstat=yes
ac_cv_func_memmove=yes
ac_cv_func_memset=yes
ac_cv_func_sigaction=yes
ac_cv_func_siglongjmp=yes
ac_cv_func_signal=yes
ac_cv_func_stat=yes
ac_cv_func_strlcpy=no
ac_cv_func_umask=yes
ac_cv_func_utime=yes
ac_cv_func_waitpid=yes
ac_cv_have_dev_random=yes
ac_cv_header_ctype_h=yes
ac_cv_header_dlfcn_h=yes
ac_cv_header_fcntl_h=yes
ac_cv_header_inttypes_h=yes
ac_cv_header_locale_h=yes
ac_cv_header_mcrypt_h=yes
ac_cv_header_memory_h=yes
ac_cv_header_pwd_h=yes
ac_cv_header_sgtty_h=yes
ac_cv_header_signal_h=yes
ac_cv_header_stdc=yes
ac_cv_header_stdint_h=yes
ac_cv_header_stdlib_h=yes
ac_cv_header_string_h=yes
ac_cv_header_strings_h=yes
ac_cv_header_sys_stat_h=yes
ac_cv_header_sys_types_h=yes
ac_cv_header_sys_wait_h=yes
ac_cv_header_termio_h=yes
ac_cv_header_termios_h=yes
ac_cv_header_unistd_h=yes
ac_cv_header_utime_h=yes
ac_cv_host=x86_64-unknown-linux-gnu
ac_cv_lib_mhash_mhash_keygen=yes
ac_cv_lib_z_compress=no
ac_cv_objext=o
ac_cv_path_BZIP2=/bin/bzip2
ac_cv_path_EGREP='/bin/grep -E'
ac_cv_path_FGREP='/bin/grep -F'
ac_cv_path_GMSGFMT=/usr/bin/msgfmt
ac_cv_path_GREP=/bin/grep
ac_cv_path_GZIP=/bin/gzip
ac_cv_path_LIBMCRYPT_CONFIG=/usr/local/bin/libmcrypt-config
ac_cv_path_MSGFMT=/usr/bin/msgfmt
ac_cv_path_MSGMERGE=/usr/bin/msgmerge
ac_cv_path_RM=/bin/rm
ac_cv_path_SED=/bin/sed
ac_cv_path_XGETTEXT=/usr/bin/xgettext
ac_cv_path_install='/usr/bin/install -c'
ac_cv_path_mkdir=/bin/mkdir
ac_cv_prog_AWK=mawk
ac_cv_prog_CPP='gcc -E'
ac_cv_prog_ac_ct_AR=ar
ac_cv_prog_ac_ct_CC=gcc
ac_cv_prog_ac_ct_RANLIB=ranlib
ac_cv_prog_ac_ct_STRIP=strip
ac_cv_prog_cc_c89=
ac_cv_prog_cc_g=yes
ac_cv_prog_make_make_set=yes
ac_cv_sizeof_unsigned_char=1
ac_cv_sizeof_unsigned_int=4
ac_cv_sizeof_unsigned_long_int=8
ac_cv_sizeof_unsigned_short_int=2
ac_cv_sys_file_offset_bits=no
ac_cv_sys_largefile_CC=no
ac_cv_target=x86_64-unknown-linux-gnu
ac_cv_type_off_t=yes
ac_cv_type_signal=void
ac_cv_type_unsigned_char=yes
ac_cv_type_unsigned_int=yes
ac_cv_type_unsigned_long_int=yes
ac_cv_type_unsigned_short_int=yes
acl_cv_hardcode_direct=no
acl_cv_hardcode_libdir_flag_spec='${wl}-rpath ${wl}$libdir'
acl_cv_hardcode_libdir_separator=
acl_cv_hardcode_minus_L=no
acl_cv_libext=a
acl_cv_path_LD='/usr/bin/ld -m elf_x86_64'
acl_cv_prog_gnu_ld=yes
acl_cv_rpath=done
acl_cv_shlibext=so
acl_cv_wl=-Wl,
am_cv_CC_dependencies_compiler_type=gcc3
gt_cv_func_CFLocaleCopyCurrent=no
gt_cv_func_CFPreferencesCopyAppValue=no
gt_cv_func_gnugettext1_libc=yes
lt_cv_deplibs_check_method=pass_all
lt_cv_file_magic_cmd='$MAGIC_CMD'
lt_cv_file_magic_test_file=
lt_cv_ld_reload_flag=-r
lt_cv_nm_interface='BSD nm'
lt_cv_objdir=.libs
lt_cv_path_LD=/usr/bin/ld
lt_cv_path_NM='/usr/bin/nm -B'
lt_cv_prog_compiler_c_o=yes
lt_cv_prog_compiler_pic_works=yes
lt_cv_prog_compiler_rtti_exceptions=no
lt_cv_prog_compiler_static_works=yes
lt_cv_prog_gnu_ld=yes
lt_cv_sys_global_symbol_pipe='sed -n -e '\''s/^.*[	 ]\([ABCDGIRSTW][ABCDGIRSTW]*\)[	 ][	 ]*\([_A-Za-z][_A-Za-z0-9]*\)$/\1 \2 \2/p'\'''
lt_cv_sys_global_symbol_to_c_name_address='sed -n -e '\''s/^: \([^ ]*\) $/  {\"\1\", (void *) 0},/p'\'' -e '\''s/^[ABCDGIRSTW]* \([^ ]*\) \([^ ]*\)$/  {"\2", (void *) \&\2},/p'\'''
lt_cv_sys_global_symbol_to_c_name_address_lib_prefix='sed -n -e '\''s/^: \([^ ]*\) $/  {\"\1\", (void *) 0},/p'\'' -e '\''s/^[ABCDGIRSTW]* \([^ ]*\) \(lib[^ ]*\)$/  {"\2", (void *) \&\2},/p'\'' -e '\''s/^[ABCDGIRSTW]* \([^ ]*\) \([^ ]*\)$/  {"lib\2", (void *) \&\2},/p'\'''
lt_cv_sys_global_symbol_to_cdecl='sed -n -e '\''s/^T .* \(.*\)$/extern int \1();/p'\'' -e '\''s/^[ABCDGIRSTW]* .* \(.*\)$/extern char \1;/p'\'''
lt_cv_sys_max_cmd_len=1572864

## ----------------- ##
## Output variables. ##
## ----------------- ##

ACLOCAL='${SHELL} /home/shivani/git/Probinux/mcrypt-2.6.8/missing --run aclocal-1.10'
AMDEPBACKSLASH='\'
AMDEP_FALSE='#'
AMDEP_TRUE=''
AMTAR='${SHELL} /home/shivani/git/Probinux/mcrypt-2.6.8/missing --run tar'
AR='ar'
AUTOCONF='${SHELL} /home/shivani/git/Probinux/mcrypt-2.6.8/missing --run autoconf'
AUTOHEADER='${SHELL} /home/shivani/git/Probinux/mcrypt-2.6.8/missing --run autoheader'
AUTOMAKE='${SHELL} /home/shivani/git/Probinux/mcrypt-2.6.8/missing --run automake-1.10'
AWK='mawk'
BZIP2='/bin/bzip2'
CC='gcc'
CCDEPMODE='depmode=gcc3'
CFLAGS='-g -O2 -I/usr/local/include -Wall'
CPP='gcc -E'
CPPFLAGS=''
CYGPATH_W='echo'
DEFS='-DHAVE_CONFIG_H'
DEPDIR='.deps'
DSYMUTIL=''
DUMPBIN=''
ECHO_C=''
ECHO_N='-n'
ECHO_T=''
EGREP='/bin/grep -E'
EXEEXT=''
FGREP='/bin/grep -F'
GMSGFMT='/usr/bin/msgfmt'
GMSGFMT_015='/usr/bin/msgfmt'
GREP='/bin/grep'
GZIP='/bin/gzip'
INSTALL_DATA='${INSTALL} -m 644'
INSTALL_PROGRAM='${INSTALL}'
INSTALL_SCRIPT='${INSTALL}'
INSTALL_STRIP_PROGRAM='$(install_sh) -c -s'
INTLLIBS=''
INTL_MACOSX_LIBS=''
LD='/usr/bin/ld -m elf_x86_64'
LDFLAGS=''
LIBICONV='-liconv'
LIBINTL=''
LIBMCRYPT_CFLAGS=no='-I/usr/local/include=no'
LIBMCRYPT_CONFIG=no='/usr/local/bin/libmcrypt-config=no'
LIBMCRYPT_LIBS=no='-L/usr/local/lib -lmcrypt=no'
LIBOBJS=''
LIBS=' -lmhash -L/usr/local/lib -lmcrypt'
LIBTOOL='$(SHELL) $(top_builddir)/libtool'
LIPO=''
LN_S='ln -s'
LTLIBICONV='-liconv'
LTLIBINTL=''
LTLIBOBJS=''
MAKEINFO='${SHELL} /home/shivani/git/Probinux/mcrypt-2.6.8/missing --run makeinfo'
MSGFMT='/usr/bin/msgfmt'
MSGFMT_015='/usr/bin/msgfmt'
MSGMERGE='/usr/bin/msgmerge'
NM='/usr/bin/nm -B'
NMEDIT=''
OBJEXT='o'
OTOOL64=''
OTOOL=''
PACKAGE='mcrypt'
PACKAGE_BUGREPORT=''
PACKAGE_NAME='mcrypt'
PACKAGE_STRING='mcrypt 2.6.8'
PACKAGE_TARNAME='mcrypt'
PACKAGE_VERSION='2.6.8'
PATH_SEPARATOR=':'
POSUB='po'
RANLIB='ranlib'
RM='/bin/rm'
SED='/bin/sed'
SET_MAKE=''
SHELL='/bin/bash'
STRIP='strip'
USE_NLS='yes'
VERSION='2.6.8'
XGETTEXT='/usr/bin/xgettext'
XGETTEXT_015='/usr/bin/xgettext'
ac_ct_CC='gcc'
ac_ct_DUMPBIN=''
am__fastdepCC_FALSE='#'
am__fastdepCC_TRUE=''
am__include='include'
am__isrc=''
am__leading_dot='.'
am__quote=''
am__tar='${AMTAR} chof - "$$tardir"'
am__untar='${AMTAR} xf -'
bindir='${exec_prefix}/bin'
build='x86_64-unknown-linux-gnu'
build_alias=''
build_cpu='x86_64'
build_os='linux-gnu'
build_vendor='unknown'
datadir='${datarootdir}'
datarootdir='${prefix}/share'
docdir='${datarootdir}/doc/${PACKAGE_TARNAME}'
dvidir='${docdir}'
exec_prefix='${prefix}'
host='x86_64-unknown-linux-gnu'
host_alias=''
host_cpu='x86_64'
host_os='linux-gnu'
host_vendor='unknown'
htmldir='${docdir}'
includedir='${prefix}/include'
infodir='${datarootdir}/info'
install_sh='$(SHELL) /home/shivani/git/Probinux/mcrypt-2.6.8/install-sh'
libdir='${exec_prefix}/lib'
libexecdir='${exec_prefix}/libexec'
localedir='${datarootdir}/locale'
localstatedir='${prefix}/var'
lt_ECHO='echo'
mandir='${datarootdir}/man'
mkdir_p='/bin/mkdir -p'
oldincludedir='/usr/include'
pdfdir='${docdir}'
prefix='/usr/local'
program_transform_name='s,x,x,'
psdir='${docdir}'
sbindir='${exec_prefix}/sbin'
sharedstatedir='${prefix}/com'
sysconfdir='${prefix}/etc'
target='x86_64-unknown-linux-gnu'
target_alias=''
target_cpu='x86_64'
target_os='linux-gnu'
target_vendor='unknown'

## ----------- ##
## confdefs.h. ##
## ----------- ##

#define PACKAGE_NAME "mcrypt"
#define PACKAGE_TARNAME "mcrypt"
#define PACKAGE_VERSION "2.6.8"
#define PACKAGE_STRING "mcrypt 2.6.8"
#define PACKAGE_BUGREPORT ""
#define PACKAGE "mcrypt"
#define VERSION "2.6.8"
#define T_CPU "x86_64"
#define T_VENDOR "unknown"
#define T_OS "linux-gnu"
#define STDC_HEADERS 1
#define HAVE_SYS_TYPES_H 1
#define HAVE_SYS_STAT_H 1
#define HAVE_STDLIB_H 1
#define HAVE_STRING_H 1
#define HAVE_MEMORY_H 1
#define HAVE_STRINGS_H 1
#define HAVE_INTTYPES_H 1
#define HAVE_STDINT_H 1
#define HAVE_UNISTD_H 1
#define HAVE_DLFCN_H 1
#define LT_OBJDIR ".libs/"
#define LIBMCRYPT24 1
#define ENABLE_NLS 1
#define HAVE_GETTEXT 1
#define HAVE_DCGETTEXT 1
#define GZIP "/bin/gzip"
#define BZIP2 "/bin/bzip2"
#define NAME_OF_DEV_RANDOM "/dev/random"
#define NAME_OF_DEV_URANDOM "/dev/urandom"
#define HAVE_DEV_RANDOM 1
#define RETSIGTYPE void
#define SIZEOF_UNSIGNED_LONG_INT 8
#define SIZEOF_UNSIGNED_INT 4
#define SIZEOF_UNSIGNED_SHORT_INT 2
#define SIZEOF_UNSIGNED_CHAR 1
#define HAVE_OFF_T 1
#define STDC_HEADERS 1
#define HAVE_UNISTD_H 1
#define HAVE_PWD_H 1
#define HAVE_LOCALE_H 1
#define HAVE_STRINGS_H 1
#define HAVE_MCRYPT_H 1
#define HAVE_CTYPE_H 1
#define HAVE_SYS_STAT_H 1
#define HAVE_SYS_TYPES_H 1
#define HAVE_FCNTL_H 1
#define HAVE_SYS_WAIT_H 1
#define HAVE_UTIME_H 1
#define HAVE_SIGNAL_H 1
#define HAVE_TERMIOS_H 1
#define HAVE_TERMIO_H 1
#define HAVE_SGTTY_H 1
#define HAVE_BZERO 1
#define HAVE_SIGNAL 1
#define HAVE_SIGACTION 1
#define HAVE_MEMSET 1
#define HAVE_FSYNC 1
#define HAVE_SIGLONGJMP 1
#define HAVE_UMASK 1
#define HAVE_UTIME 1
#define HAVE_MEMMOVE 1
#define HAVE_BCOPY 1
#define HAVE_GETPWUID 1
#define HAVE_WAITPID 1
#define HAVE_KILL 1
#define HAVE_FTIME 1
#define HAVE_LSTAT 1
#define HAVE_STAT 1
#define HAVE_FSEEKO 1

configure: exit 0
